<?xml version="1.0" encoding="UTF-8"?>
<!-- Generated by org.testng.reporters.JUnitReportReporter -->
<testsuite name="com.offline.qa.test.LoginPageTest" tests="3" time="24.794" ignored="0" failures="0" timestamp="22 Feb 2020 07:51:47 GMT" skipped="0" hostname="shubham-PC" errors="0">
  <testcase name="checkTitle" time="12.517" classname="com.offline.qa.test.LoginPageTest"/>
  <testcase name="checkErrormsg" time="6.873" classname="com.offline.qa.test.LoginPageTest"/>
  <testcase name="checkErrormsgPassword" time="5.404" classname="com.offline.qa.test.LoginPageTest"/>
</testsuite> <!-- com.offline.qa.test.LoginPageTest -->
