<?xml version="1.0" encoding="UTF-8"?>
<!-- Generated by org.testng.reporters.JUnitReportReporter -->
<testsuite name="com.offline.qa.test.LoginPageTest" tests="1" time="41.655" ignored="4" failures="0" timestamp="25 Feb 2020 07:35:24 GMT" skipped="0" hostname="Poo-PC" errors="0">
  <testcase name="homepage" time="41.655" classname="com.offline.qa.test.LoginPageTest"/>
  <testcase name="checkErrormsg" classname="com.offline.qa.test.LoginPageTest">
    <skipped/>
  </testcase> <!-- checkErrormsg -->
  <testcase name="checkErrormsgPassword" classname="com.offline.qa.test.LoginPageTest">
    <skipped/>
  </testcase> <!-- checkErrormsgPassword -->
  <testcase name="checkTitle" classname="com.offline.qa.test.LoginPageTest">
    <skipped/>
  </testcase> <!-- checkTitle -->
  <testcase name="checkErrormsgBothempty" classname="com.offline.qa.test.LoginPageTest">
    <skipped/>
  </testcase> <!-- checkErrormsgBothempty -->
</testsuite> <!-- com.offline.qa.test.LoginPageTest -->
