<?xml version="1.0" encoding="UTF-8"?>
<!-- Generated by org.testng.reporters.JUnitReportReporter -->
<testsuite name="com.offline.qa.test.LoginPageTest" tests="4" time="18.271" ignored="0" failures="0" timestamp="24 Feb 2020 10:09:23 GMT" skipped="0" hostname="shubham-PC" errors="0">
  <testcase name="checkTitle" time="4.156" classname="com.offline.qa.test.LoginPageTest"/>
  <testcase name="checkErrormsg" time="5.258" classname="com.offline.qa.test.LoginPageTest"/>
  <testcase name="checkErrormsgPassword" time="4.595" classname="com.offline.qa.test.LoginPageTest"/>
  <testcase name="checkErrormsgBothempty" time="4.262" classname="com.offline.qa.test.LoginPageTest"/>
</testsuite> <!-- com.offline.qa.test.LoginPageTest -->
