<?xml version="1.0" encoding="UTF-8"?>
<!-- Generated by org.testng.reporters.JUnitReportReporter -->
<testsuite name="com.offline.qa.test.LoginPageTest" tests="4" time="30.981" ignored="0" failures="0" timestamp="26 Feb 2020 02:42:53 GMT" skipped="0" hostname="shubham-PC" errors="0">
  <testcase name="checkErrormsgBothempty" time="16.009" classname="com.offline.qa.test.LoginPageTest"/>
  <testcase name="checkTitle" time="4.632" classname="com.offline.qa.test.LoginPageTest"/>
  <testcase name="checkErrormsg" time="4.481" classname="com.offline.qa.test.LoginPageTest"/>
  <testcase name="checkErrormsgPassword" time="5.859" classname="com.offline.qa.test.LoginPageTest"/>
</testsuite> <!-- com.offline.qa.test.LoginPageTest -->
